2018-07-18 17:54:30,497 admin DEBUG: 程序正在运行·····
2018-07-18 17:54:30,497 admin DEBUG: 程序正在运行·····
2018-07-18 17:54:30,499 admin DEBUG: 正在请求列表信息
2018-07-18 17:54:30,499 admin DEBUG: 正在请求列表信息
2018-07-18 17:54:32,467 admin DEBUG: 正在爬取okcoinfuturesbtcquarterusd的usd
2018-07-18 17:54:32,467 admin DEBUG: 正在爬取okcoinfuturesbtcquarterusd的usd
2018-07-18 17:55:20,473 admin DEBUG: 程序正在运行·····
2018-07-18 17:55:20,473 admin DEBUG: 程序正在运行·····
2018-07-18 17:55:20,473 admin DEBUG: 正在请求列表信息
2018-07-18 17:55:20,473 admin DEBUG: 正在请求列表信息
2018-07-18 17:55:22,568 admin DEBUG: 正在爬取okcoinfuturesbtcquarterusd的usd
2018-07-18 17:55:22,568 admin DEBUG: 正在爬取okcoinfuturesbtcquarterusd的usd
2018-07-18 17:55:49,042 admin DEBUG: 程序正在运行·····
2018-07-18 17:55:49,042 admin DEBUG: 程序正在运行·····
2018-07-18 17:55:49,042 admin DEBUG: 正在请求列表信息
2018-07-18 17:55:49,042 admin DEBUG: 正在请求列表信息
2018-07-18 17:55:50,492 admin DEBUG: 正在爬取okcoinfuturesbtcquarterusd的usd
2018-07-18 17:55:50,492 admin DEBUG: 正在爬取okcoinfuturesbtcquarterusd的usd
2018-07-19 14:52:13,256 admin DEBUG: 程序正在运行·····
2018-07-19 14:52:13,256 admin DEBUG: 程序正在运行·····
2018-07-19 14:52:13,259 admin DEBUG: 正在请求列表信息
2018-07-19 14:52:13,259 admin DEBUG: 正在请求列表信息
2018-07-19 14:52:15,714 admin DEBUG: 正在爬取okcoinfuturesbtcquarterusd的usd
2018-07-19 14:52:15,714 admin DEBUG: 正在爬取okcoinfuturesbtcquarterusd的usd
2018-07-19 14:52:18,789 admin DEBUG: write a piece data
2018-07-19 14:52:18,789 admin DEBUG: write a piece data
2018-07-19 14:52:32,984 admin DEBUG: 程序正在运行·····
2018-07-19 14:52:32,984 admin DEBUG: 程序正在运行·····
2018-07-19 14:52:32,986 admin DEBUG: 正在请求列表信息
2018-07-19 14:52:32,986 admin DEBUG: 正在请求列表信息
2018-07-19 14:52:35,934 admin DEBUG: 正在爬取okcoinfuturesbtcquarterusd的usd
2018-07-19 14:52:35,934 admin DEBUG: 正在爬取okcoinfuturesbtcquarterusd的usd
2018-07-19 14:52:38,944 admin DEBUG: write a piece data
2018-07-19 14:52:38,944 admin DEBUG: write a piece data
2018-07-19 14:52:39,263 admin DEBUG: 正在爬取bitfinexbtcusd的usd
2018-07-19 14:52:39,263 admin DEBUG: 正在爬取bitfinexbtcusd的usd
2018-07-19 14:52:42,217 admin DEBUG: write a piece data
2018-07-19 14:52:42,217 admin DEBUG: write a piece data
2018-07-19 14:52:42,315 admin DEBUG: 正在爬取bithumbbtckrw的krw
2018-07-19 14:52:42,315 admin DEBUG: 正在爬取bithumbbtckrw的krw
2018-07-19 14:52:45,224 admin DEBUG: write a piece data
2018-07-19 14:52:45,224 admin DEBUG: write a piece data
2018-07-19 14:52:45,278 admin DEBUG: 正在爬取bitflyerbtcjpy的jpy
2018-07-19 14:52:45,278 admin DEBUG: 正在爬取bitflyerbtcjpy的jpy
2018-07-19 14:52:48,197 admin DEBUG: write a piece data
2018-07-19 14:52:48,197 admin DEBUG: write a piece data
2018-07-19 14:52:48,262 admin DEBUG: 正在爬取bitstampbtcusd的usd
2018-07-19 14:52:48,262 admin DEBUG: 正在爬取bitstampbtcusd的usd
2018-07-19 14:52:51,319 admin DEBUG: write a piece data
2018-07-19 14:52:51,319 admin DEBUG: write a piece data
2018-07-19 14:52:51,431 admin DEBUG: 正在爬取huobiprobtcusdt的usdt
2018-07-19 14:52:51,431 admin DEBUG: 正在爬取huobiprobtcusdt的usdt
2018-07-19 14:52:54,346 admin DEBUG: write a piece data
2018-07-19 14:52:54,346 admin DEBUG: write a piece data
2018-07-19 14:52:54,398 admin DEBUG: 正在爬取coincheckbtcjpy的jpy
2018-07-19 14:52:54,398 admin DEBUG: 正在爬取coincheckbtcjpy的jpy
2018-07-19 14:52:57,342 admin DEBUG: write a piece data
2018-07-19 14:52:57,342 admin DEBUG: write a piece data
2018-07-19 14:52:57,395 admin DEBUG: 正在爬取binancebtcusdt的usdt
2018-07-19 14:52:57,395 admin DEBUG: 正在爬取binancebtcusdt的usdt
2018-07-19 16:13:12,826 admin DEBUG: 程序正在运行·····
2018-07-19 16:13:12,826 admin DEBUG: 程序正在运行·····
2018-07-19 16:13:12,828 admin DEBUG: 正在请求列表信息
2018-07-19 16:13:12,828 admin DEBUG: 正在请求列表信息
2018-07-19 16:13:14,914 admin DEBUG: 正在爬取bitstampbtcusd的usd
2018-07-19 16:13:14,914 admin DEBUG: 正在爬取bitstampbtcusd的usd
2018-07-19 16:14:51,104 admin DEBUG: 程序正在运行·····
2018-07-19 16:14:51,104 admin DEBUG: 程序正在运行·····
2018-07-19 16:14:51,105 admin DEBUG: 正在请求列表信息
2018-07-19 16:14:51,105 admin DEBUG: 正在请求列表信息
2018-07-19 16:14:52,924 admin DEBUG: 正在爬取bitstampbtcusd的usd
2018-07-19 16:14:52,924 admin DEBUG: 正在爬取bitstampbtcusd的usd
2018-07-19 16:25:12,889 he    DEBUG: 程序正在运行·····
2018-07-19 16:25:12,889 he    DEBUG: 程序正在运行·····
2018-07-19 16:25:12,889 he    DEBUG: 正在请求列表信息
2018-07-19 16:25:12,889 he    DEBUG: 正在请求列表信息
2018-07-19 16:25:14,878 he    DEBUG: 正在爬取bitstampbtcusd的usd
2018-07-19 16:25:14,878 he    DEBUG: 正在爬取bitstampbtcusd的usd
